<?xml version="1.0" encoding="UTF-8"?>
<testng-results skipped="0" failed="2" ignored="0" total="10" passed="8">
  <reporter-output>
    <line>
      <![CDATA[Recipes, Videos, Food & Travel Shows | Tastemade]]>
    </line>
    <line>
      <![CDATA[Recipes, Videos, Food & Travel Shows | Tastemade]]>
    </line>
    <line>
      <![CDATA[Recipes, Videos, Food & Travel Shows | Tastemade]]>
    </line>
    <line>
      <![CDATA[Recipes, Videos, Food & Travel Shows | Tastemade]]>
    </line>
    <line>
      <![CDATA[Recipes, Videos, Food & Travel Shows | Tastemade]]>
    </line>
    <line>
      <![CDATA[Recipes, Videos, Food & Travel Shows | Tastemade]]>
    </line>
    <line>
      <![CDATA[Recipes, Videos, Food & Travel Shows | Tastemade]]>
    </line>
    <line>
      <![CDATA[Recipes, Videos, Food & Travel Shows | Tastemade]]>
    </line>
    <line>
      <![CDATA[Recipes, Videos, Food & Travel Shows | Tastemade]]>
    </line>
    <line>
      <![CDATA[Recipes, Videos, Food & Travel Shows | Tastemade]]>
    </line>
  </reporter-output>
  <suite name="Suite" duration-ms="511492" started-at="2018-06-25T11:49:43Z" finished-at="2018-06-25T11:58:15Z">
    <groups>
    </groups>
    <test name="Test" duration-ms="511492" started-at="2018-06-25T11:49:43Z" finished-at="2018-06-25T11:58:15Z">
      <class name="Scripts.TestCase9">
        <test-method status="PASS" signature="openapp()[pri:0, instance:Scripts.TestCase9@51e2adc7]" name="openapp" is-config="true" duration-ms="17251" started-at="2018-06-25T17:23:28Z" finished-at="2018-06-25T17:23:45Z">
          <reporter-output>
            <line>
              <![CDATA[Recipes, Videos, Food & Travel Shows | Tastemade]]>
            </line>
          </reporter-output>
        </test-method> <!-- openapp -->
        <test-method status="PASS" signature="test()[pri:0, instance:Scripts.TestCase9@51e2adc7]" name="test" duration-ms="36892" started-at="2018-06-25T17:23:45Z" finished-at="2018-06-25T17:24:22Z">
          <reporter-output>
          </reporter-output>
        </test-method> <!-- test -->
        <test-method status="PASS" signature="closeapp()[pri:0, instance:Scripts.TestCase9@51e2adc7]" name="closeapp" is-config="true" duration-ms="1612" started-at="2018-06-25T17:24:22Z" finished-at="2018-06-25T17:24:24Z">
          <reporter-output>
          </reporter-output>
        </test-method> <!-- closeapp -->
      </class> <!-- Scripts.TestCase9 -->
      <class name="Scripts.TestCase8">
        <test-method status="PASS" signature="openapp()[pri:0, instance:Scripts.TestCase8@1a8a8f7c]" name="openapp" is-config="true" duration-ms="16396" started-at="2018-06-25T17:24:24Z" finished-at="2018-06-25T17:24:40Z">
          <reporter-output>
            <line>
              <![CDATA[Recipes, Videos, Food & Travel Shows | Tastemade]]>
            </line>
          </reporter-output>
        </test-method> <!-- openapp -->
        <test-method status="PASS" signature="test()[pri:0, instance:Scripts.TestCase8@1a8a8f7c]" name="test" duration-ms="45965" started-at="2018-06-25T17:24:40Z" finished-at="2018-06-25T17:25:26Z">
          <reporter-output>
          </reporter-output>
        </test-method> <!-- test -->
        <test-method status="PASS" signature="closeapp()[pri:0, instance:Scripts.TestCase8@1a8a8f7c]" name="closeapp" is-config="true" duration-ms="1695" started-at="2018-06-25T17:25:26Z" finished-at="2018-06-25T17:25:28Z">
          <reporter-output>
          </reporter-output>
        </test-method> <!-- closeapp -->
      </class> <!-- Scripts.TestCase8 -->
      <class name="Scripts.TestCase10">
        <test-method status="PASS" signature="openapp()[pri:0, instance:Scripts.TestCase10@42f93a98]" name="openapp" is-config="true" duration-ms="17895" started-at="2018-06-25T17:27:35Z" finished-at="2018-06-25T17:27:53Z">
          <reporter-output>
            <line>
              <![CDATA[Recipes, Videos, Food & Travel Shows | Tastemade]]>
            </line>
          </reporter-output>
        </test-method> <!-- openapp -->
        <test-method status="FAIL" signature="test()[pri:0, instance:Scripts.TestCase10@42f93a98]" name="test" duration-ms="19878" started-at="2018-06-25T17:27:53Z" finished-at="2018-06-25T17:28:13Z">
          <exception class="java.lang.AssertionError">
            <message>
              <![CDATA[expected [Recipes, Videos, Food & Travel Shows | Tastemade] but found [Account – Tastemade]]]>
            </message>
            <full-stacktrace>
              <![CDATA[java.lang.AssertionError: expected [Recipes, Videos, Food & Travel Shows | Tastemade] but found [Account – Tastemade]at org.testng.Assert.fail(Assert.java:96)at org.testng.Assert.failNotEquals(Assert.java:776)at org.testng.Assert.assertEqualsImpl(Assert.java:137)at org.testng.Assert.assertEquals(Assert.java:118)at org.testng.Assert.assertEquals(Assert.java:453)at org.testng.Assert.assertEquals(Assert.java:463)at GenericLib.BasePage.verifytitle(BasePage.java:19)at Scripts.TestCase10.test(TestCase10.java:29)at sun.reflect.NativeMethodAccessorImpl.invoke0(Native Method)at sun.reflect.NativeMethodAccessorImpl.invoke(Unknown Source)at sun.reflect.DelegatingMethodAccessorImpl.invoke(Unknown Source)at java.lang.reflect.Method.invoke(Unknown Source)at org.testng.internal.MethodInvocationHelper.invokeMethod(MethodInvocationHelper.java:124)at org.testng.internal.Invoker.invokeMethod(Invoker.java:571)at org.testng.internal.Invoker.invokeTestMethod(Invoker.java:707)at org.testng.internal.Invoker.invokeTestMethods(Invoker.java:979)at org.testng.internal.TestMethodWorker.invokeTestMethods(TestMethodWorker.java:125)at org.testng.internal.TestMethodWorker.run(TestMethodWorker.java:109)at org.testng.TestRunner.privateRun(TestRunner.java:648)at org.testng.TestRunner.run(TestRunner.java:505)at org.testng.SuiteRunner.runTest(SuiteRunner.java:455)at org.testng.SuiteRunner.runSequentially(SuiteRunner.java:450)at org.testng.SuiteRunner.privateRun(SuiteRunner.java:415)at org.testng.SuiteRunner.run(SuiteRunner.java:364)at org.testng.SuiteRunnerWorker.runSuite(SuiteRunnerWorker.java:52)at org.testng.SuiteRunnerWorker.run(SuiteRunnerWorker.java:84)at org.testng.TestNG.runSuitesSequentially(TestNG.java:1187)at org.testng.TestNG.runSuitesLocally(TestNG.java:1116)at org.testng.TestNG.runSuites(TestNG.java:1028)at org.testng.TestNG.run(TestNG.java:996)at org.testng.remote.AbstractRemoteTestNG.run(AbstractRemoteTestNG.java:114)at org.testng.remote.RemoteTestNG.initAndRun(RemoteTestNG.java:251)at org.testng.remote.RemoteTestNG.main(RemoteTestNG.java:77)]]>
            </full-stacktrace>
          </exception> <!-- java.lang.AssertionError -->
          <reporter-output>
          </reporter-output>
        </test-method> <!-- test -->
        <test-method status="PASS" signature="closeapp()[pri:0, instance:Scripts.TestCase10@42f93a98]" name="closeapp" is-config="true" duration-ms="1788" started-at="2018-06-25T17:28:13Z" finished-at="2018-06-25T17:28:15Z">
          <reporter-output>
          </reporter-output>
        </test-method> <!-- closeapp -->
      </class> <!-- Scripts.TestCase10 -->
      <class name="Scripts.TestCase5">
        <test-method status="PASS" signature="openapp()[pri:0, instance:Scripts.TestCase5@2353b3e6]" name="openapp" is-config="true" duration-ms="15334" started-at="2018-06-25T17:25:28Z" finished-at="2018-06-25T17:25:43Z">
          <reporter-output>
            <line>
              <![CDATA[Recipes, Videos, Food & Travel Shows | Tastemade]]>
            </line>
          </reporter-output>
        </test-method> <!-- openapp -->
        <test-method status="PASS" signature="shop()[pri:0, instance:Scripts.TestCase5@2353b3e6]" name="shop" duration-ms="64050" started-at="2018-06-25T17:25:43Z" finished-at="2018-06-25T17:26:47Z">
          <reporter-output>
          </reporter-output>
        </test-method> <!-- shop -->
        <test-method status="PASS" signature="closeapp()[pri:0, instance:Scripts.TestCase5@2353b3e6]" name="closeapp" is-config="true" duration-ms="1753" started-at="2018-06-25T17:26:47Z" finished-at="2018-06-25T17:26:49Z">
          <reporter-output>
          </reporter-output>
        </test-method> <!-- closeapp -->
      </class> <!-- Scripts.TestCase5 -->
      <class name="Scripts.Testcase1">
        <test-method status="PASS" signature="openapp()[pri:0, instance:Scripts.Testcase1@7e2d773b]" name="openapp" is-config="true" duration-ms="21154" started-at="2018-06-25T17:19:43Z" finished-at="2018-06-25T17:20:04Z">
          <reporter-output>
            <line>
              <![CDATA[Recipes, Videos, Food & Travel Shows | Tastemade]]>
            </line>
          </reporter-output>
        </test-method> <!-- openapp -->
        <test-method status="PASS" signature="acc()[pri:0, instance:Scripts.Testcase1@7e2d773b]" name="acc" duration-ms="6497" started-at="2018-06-25T17:20:04Z" finished-at="2018-06-25T17:20:11Z">
          <reporter-output>
          </reporter-output>
        </test-method> <!-- acc -->
        <test-method status="PASS" signature="closeapp()[pri:0, instance:Scripts.Testcase1@7e2d773b]" name="closeapp" is-config="true" duration-ms="1996" started-at="2018-06-25T17:20:11Z" finished-at="2018-06-25T17:20:13Z">
          <reporter-output>
          </reporter-output>
        </test-method> <!-- closeapp -->
      </class> <!-- Scripts.Testcase1 -->
      <class name="Scripts.TestCase4">
        <test-method status="PASS" signature="openapp()[pri:0, instance:Scripts.TestCase4@631330c]" name="openapp" is-config="true" duration-ms="17513" started-at="2018-06-25T17:26:49Z" finished-at="2018-06-25T17:27:06Z">
          <reporter-output>
            <line>
              <![CDATA[Recipes, Videos, Food & Travel Shows | Tastemade]]>
            </line>
          </reporter-output>
        </test-method> <!-- openapp -->
        <test-method status="PASS" signature="login()[pri:0, instance:Scripts.TestCase4@631330c]" name="login" duration-ms="26865" started-at="2018-06-25T17:27:06Z" finished-at="2018-06-25T17:27:33Z">
          <reporter-output>
          </reporter-output>
        </test-method> <!-- login -->
        <test-method status="PASS" signature="closeapp()[pri:0, instance:Scripts.TestCase4@631330c]" name="closeapp" is-config="true" duration-ms="1857" started-at="2018-06-25T17:27:33Z" finished-at="2018-06-25T17:27:35Z">
          <reporter-output>
          </reporter-output>
        </test-method> <!-- closeapp -->
      </class> <!-- Scripts.TestCase4 -->
      <class name="Scripts.TestCase7">
        <test-method status="PASS" signature="openapp()[pri:0, instance:Scripts.TestCase7@307f6b8c]" name="openapp" is-config="true" duration-ms="19533" started-at="2018-06-25T17:20:48Z" finished-at="2018-06-25T17:21:07Z">
          <reporter-output>
            <line>
              <![CDATA[Recipes, Videos, Food & Travel Shows | Tastemade]]>
            </line>
          </reporter-output>
        </test-method> <!-- openapp -->
        <test-method status="FAIL" signature="testcase()[pri:0, instance:Scripts.TestCase7@307f6b8c]" name="testcase" duration-ms="38884" started-at="2018-06-25T17:21:07Z" finished-at="2018-06-25T17:21:46Z">
          <exception class="java.lang.AssertionError">
            <message>
              <![CDATA[expected [Your Shopping Cart – Tastemade] but found [Recipes, Videos, Food & Travel Shows | Tastemade]]]>
            </message>
            <full-stacktrace>
              <![CDATA[java.lang.AssertionError: expected [Your Shopping Cart – Tastemade] but found [Recipes, Videos, Food & Travel Shows | Tastemade]at org.testng.Assert.fail(Assert.java:96)at org.testng.Assert.failNotEquals(Assert.java:776)at org.testng.Assert.assertEqualsImpl(Assert.java:137)at org.testng.Assert.assertEquals(Assert.java:118)at org.testng.Assert.assertEquals(Assert.java:453)at org.testng.Assert.assertEquals(Assert.java:463)at GenericLib.BasePage.verifytitle(BasePage.java:19)at Scripts.TestCase7.testcase(TestCase7.java:37)at sun.reflect.NativeMethodAccessorImpl.invoke0(Native Method)at sun.reflect.NativeMethodAccessorImpl.invoke(Unknown Source)at sun.reflect.DelegatingMethodAccessorImpl.invoke(Unknown Source)at java.lang.reflect.Method.invoke(Unknown Source)at org.testng.internal.MethodInvocationHelper.invokeMethod(MethodInvocationHelper.java:124)at org.testng.internal.Invoker.invokeMethod(Invoker.java:571)at org.testng.internal.Invoker.invokeTestMethod(Invoker.java:707)at org.testng.internal.Invoker.invokeTestMethods(Invoker.java:979)at org.testng.internal.TestMethodWorker.invokeTestMethods(TestMethodWorker.java:125)at org.testng.internal.TestMethodWorker.run(TestMethodWorker.java:109)at org.testng.TestRunner.privateRun(TestRunner.java:648)at org.testng.TestRunner.run(TestRunner.java:505)at org.testng.SuiteRunner.runTest(SuiteRunner.java:455)at org.testng.SuiteRunner.runSequentially(SuiteRunner.java:450)at org.testng.SuiteRunner.privateRun(SuiteRunner.java:415)at org.testng.SuiteRunner.run(SuiteRunner.java:364)at org.testng.SuiteRunnerWorker.runSuite(SuiteRunnerWorker.java:52)at org.testng.SuiteRunnerWorker.run(SuiteRunnerWorker.java:84)at org.testng.TestNG.runSuitesSequentially(TestNG.java:1187)at org.testng.TestNG.runSuitesLocally(TestNG.java:1116)at org.testng.TestNG.runSuites(TestNG.java:1028)at org.testng.TestNG.run(TestNG.java:996)at org.testng.remote.AbstractRemoteTestNG.run(AbstractRemoteTestNG.java:114)at org.testng.remote.RemoteTestNG.initAndRun(RemoteTestNG.java:251)at org.testng.remote.RemoteTestNG.main(RemoteTestNG.java:77)]]>
            </full-stacktrace>
          </exception> <!-- java.lang.AssertionError -->
          <reporter-output>
          </reporter-output>
        </test-method> <!-- testcase -->
        <test-method status="PASS" signature="closeapp()[pri:0, instance:Scripts.TestCase7@307f6b8c]" name="closeapp" is-config="true" duration-ms="1936" started-at="2018-06-25T17:21:46Z" finished-at="2018-06-25T17:21:48Z">
          <reporter-output>
          </reporter-output>
        </test-method> <!-- closeapp -->
      </class> <!-- Scripts.TestCase7 -->
      <class name="Scripts.Testcase2">
        <test-method status="PASS" signature="openapp()[pri:0, instance:Scripts.Testcase2@2173f6d9]" name="openapp" is-config="true" duration-ms="17516" started-at="2018-06-25T17:20:13Z" finished-at="2018-06-25T17:20:30Z">
          <reporter-output>
            <line>
              <![CDATA[Recipes, Videos, Food & Travel Shows | Tastemade]]>
            </line>
          </reporter-output>
        </test-method> <!-- openapp -->
        <test-method status="PASS" signature="test()[pri:0, instance:Scripts.Testcase2@2173f6d9]" name="test" duration-ms="15588" started-at="2018-06-25T17:20:30Z" finished-at="2018-06-25T17:20:46Z">
          <reporter-output>
          </reporter-output>
        </test-method> <!-- test -->
        <test-method status="PASS" signature="closeapp()[pri:0, instance:Scripts.Testcase2@2173f6d9]" name="closeapp" is-config="true" duration-ms="1725" started-at="2018-06-25T17:20:46Z" finished-at="2018-06-25T17:20:48Z">
          <reporter-output>
          </reporter-output>
        </test-method> <!-- closeapp -->
      </class> <!-- Scripts.Testcase2 -->
      <class name="Scripts.Testcase3">
        <test-method status="PASS" signature="openapp()[pri:0, instance:Scripts.Testcase3@7a187f14]" name="openapp" is-config="true" duration-ms="23977" started-at="2018-06-25T17:21:48Z" finished-at="2018-06-25T17:22:12Z">
          <reporter-output>
            <line>
              <![CDATA[Recipes, Videos, Food & Travel Shows | Tastemade]]>
            </line>
          </reporter-output>
        </test-method> <!-- openapp -->
        <test-method status="PASS" signature="test3()[pri:0, instance:Scripts.Testcase3@7a187f14]" name="test3" duration-ms="40065" started-at="2018-06-25T17:22:12Z" finished-at="2018-06-25T17:22:52Z">
          <reporter-output>
          </reporter-output>
        </test-method> <!-- test3 -->
        <test-method status="PASS" signature="closeapp()[pri:0, instance:Scripts.Testcase3@7a187f14]" name="closeapp" is-config="true" duration-ms="4083" started-at="2018-06-25T17:22:52Z" finished-at="2018-06-25T17:22:56Z">
          <reporter-output>
          </reporter-output>
        </test-method> <!-- closeapp -->
      </class> <!-- Scripts.Testcase3 -->
      <class name="Scripts.TestCase6">
        <test-method status="PASS" signature="openapp()[pri:0, instance:Scripts.TestCase6@6f195bc3]" name="openapp" is-config="true" duration-ms="16562" started-at="2018-06-25T17:22:56Z" finished-at="2018-06-25T17:23:13Z">
          <reporter-output>
            <line>
              <![CDATA[Recipes, Videos, Food & Travel Shows | Tastemade]]>
            </line>
          </reporter-output>
        </test-method> <!-- openapp -->
        <test-method status="PASS" signature="test()[pri:0, instance:Scripts.TestCase6@6f195bc3]" name="test" duration-ms="13466" started-at="2018-06-25T17:23:13Z" finished-at="2018-06-25T17:23:26Z">
          <reporter-output>
          </reporter-output>
        </test-method> <!-- test -->
        <test-method status="PASS" signature="closeapp()[pri:0, instance:Scripts.TestCase6@6f195bc3]" name="closeapp" is-config="true" duration-ms="1700" started-at="2018-06-25T17:23:26Z" finished-at="2018-06-25T17:23:28Z">
          <reporter-output>
          </reporter-output>
        </test-method> <!-- closeapp -->
      </class> <!-- Scripts.TestCase6 -->
    </test> <!-- Test -->
  </suite> <!-- Suite -->
</testng-results>
